<?xml version="1.0" encoding="UTF-8"?>
<!-- Generated by org.testng.reporters.JUnitReportReporter -->
<testsuite hostname="DESKTOP-VIT31V4" failures="0" tests="1" name="FirstPackage.FirstTest" time="12.619" errors="0" timestamp="2021-07-20T19:01:24 EEST" skipped="0">
  <testcase classname="FirstPackage.FirstTest" name="DegiroTest" time="12.619"/>
  <system-out/>
</testsuite> <!-- FirstPackage.FirstTest -->
