<?xml version="1.0" encoding="UTF-8"?>
<!-- Generated by org.testng.reporters.JUnitReportReporter -->
<testsuite hostname="DESKTOP-VIT31V4" failures="0" tests="4" name="FirstPackage.StockDetails" time="50.857" errors="0" timestamp="2021-07-20T19:57:37 EEST" skipped="0">
  <testcase classname="FirstPackage.StockDetails" name="EarningChart" time="23.359"/>
  <system-out/>
  <testcase classname="FirstPackage.StockDetails" name="SilverTest" time="10.247"/>
  <system-out/>
  <testcase classname="FirstPackage.StockDetails" name="PoundDollar" time="10.536"/>
  <system-out/>
  <testcase classname="FirstPackage.StockDetails" name="GoldTest" time="6.715"/>
  <system-out/>
</testsuite> <!-- FirstPackage.StockDetails -->
